<?xml version="1.0" encoding="UTF-8"?>
<!-- Generated by org.testng.reporters.JUnitReportReporter -->
<testsuite hostname="DESKTOP-IUDNIR4" failures="0" tests="2" name="stepDefinition.AppstoreSD" time="88.683" errors="0" timestamp="2021-05-09T11:22:40 IST" skipped="0">
  <testcase classname="stepDefinition.AppstoreSD" name="user_on_the_Home_Page" time="52.197"/>
  <system-out/>
  <testcase classname="stepDefinition.AppstoreSD" name="user_clicks_on_the_Appstore_icon_and_New_window_should_be_open_User_will_download_the_app_from_Appstore" time="36.486"/>
  <system-out/>
</testsuite> <!-- stepDefinition.AppstoreSD -->
