<?xml version="1.0" encoding="UTF-8"?>
<!-- Generated by org.testng.reporters.JUnitReportReporter -->
<testsuite hostname="DESKTOP-IUDNIR4" failures="0" tests="1" name="runner.AppstoreRunner" time="0.508" errors="0" timestamp="2021-05-08T22:12:49 IST" skipped="0">
  <testcase classname="runner.AppstoreRunner" name="feature" time="0.508"/>
  <system-out/>
</testsuite> <!-- runner.AppstoreRunner -->
