<?xml version="1.0" encoding="UTF-8"?>
<!-- Generated by org.testng.reporters.JUnitReportReporter -->
<testsuite hostname="DESKTOP-IUDNIR4" failures="0" tests="1" name="runner.PaymentRunner" time="0.541" errors="0" timestamp="2021-05-08T22:20:39 IST" skipped="0">
  <testcase classname="runner.PaymentRunner" name="feature" time="0.541"/>
  <system-out/>
</testsuite> <!-- runner.PaymentRunner -->
