<?xml version="1.0" encoding="UTF-8"?>
<!-- Generated by org.testng.reporters.JUnitReportReporter -->
<testsuite hostname="DESKTOP-IUDNIR4" failures="0" tests="2" name="stepDefinition.PlaystoreSD" time="71.272" errors="0" timestamp="2021-05-09T11:27:31 IST" skipped="0">
  <testcase classname="stepDefinition.PlaystoreSD" name="user_logs_into_his_account" time="40.587"/>
  <system-out/>
  <testcase classname="stepDefinition.PlaystoreSD" name="user_clicks_on_the_Playstore_icon" time="30.685"/>
  <system-out/>
</testsuite> <!-- stepDefinition.PlaystoreSD -->
